The system is: Linux - 4.18.0-16-generic - x86_64
Compiling the CXX compiler identification source file "CMakeCXXCompilerId.cpp" succeeded.
Compiler: /usr/bin/c++ 
Build flags: 
Id flags:  

The output was:
0


Compilation of the CXX compiler identification source "CMakeCXXCompilerId.cpp" produced "a.out"

The CXX compiler identification is GNU, found in "/home/jens/Development/MinHashContainment/build/CMakeFiles/3.10.2/CompilerIdCXX/a.out"

Determining if the CXX compiler works passed with the following output:
Change Dir: /home/jens/Development/MinHashContainment/build/CMakeFiles/CMakeTmp

Run Build Command:"/usr/bin/make" "cmTC_b18e6/fast"
/usr/bin/make -f CMakeFiles/cmTC_b18e6.dir/build.make CMakeFiles/cmTC_b18e6.dir/build
make[1]: Verzeichnis „/home/jens/Development/MinHashContainment/build/CMakeFiles/CMakeTmp“ wird betreten
Building CXX object CMakeFiles/cmTC_b18e6.dir/testCXXCompiler.cxx.o
/usr/bin/c++     -o CMakeFiles/cmTC_b18e6.dir/testCXXCompiler.cxx.o -c /home/jens/Development/MinHashContainment/build/CMakeFiles/CMakeTmp/testCXXCompiler.cxx
Linking CXX executable cmTC_b18e6
/usr/bin/cmake -E cmake_link_script CMakeFiles/cmTC_b18e6.dir/link.txt --verbose=1
/usr/bin/c++       CMakeFiles/cmTC_b18e6.dir/testCXXCompiler.cxx.o  -o cmTC_b18e6 
make[1]: Verzeichnis „/home/jens/Development/MinHashContainment/build/CMakeFiles/CMakeTmp“ wird verlassen


Detecting CXX compiler ABI info compiled with the following output:
Change Dir: /home/jens/Development/MinHashContainment/build/CMakeFiles/CMakeTmp

Run Build Command:"/usr/bin/make" "cmTC_b03e3/fast"
/usr/bin/make -f CMakeFiles/cmTC_b03e3.dir/build.make CMakeFiles/cmTC_b03e3.dir/build
make[1]: Verzeichnis „/home/jens/Development/MinHashContainment/build/CMakeFiles/CMakeTmp“ wird betreten
Building CXX object CMakeFiles/cmTC_b03e3.dir/CMakeCXXCompilerABI.cpp.o
/usr/bin/c++     -o CMakeFiles/cmTC_b03e3.dir/CMakeCXXCompilerABI.cpp.o -c /usr/share/cmake-3.10/Modules/CMakeCXXCompilerABI.cpp
Linking CXX executable cmTC_b03e3
/usr/bin/cmake -E cmake_link_script CMakeFiles/cmTC_b03e3.dir/link.txt --verbose=1
/usr/bin/c++      -v CMakeFiles/cmTC_b03e3.dir/CMakeCXXCompilerABI.cpp.o  -o cmTC_b03e3 
Using built-in specs.
COLLECT_GCC=/usr/bin/c++
COLLECT_LTO_WRAPPER=/usr/lib/gcc/x86_64-linux-gnu/7/lto-wrapper
OFFLOAD_TARGET_NAMES=nvptx-none
OFFLOAD_TARGET_DEFAULT=1
Target: x86_64-linux-gnu
Configured with: ../src/configure -v --with-pkgversion='Ubuntu 7.3.0-27ubuntu1~18.04' --with-bugurl=file:///usr/share/doc/gcc-7/README.Bugs --enable-languages=c,ada,c++,go,brig,d,fortran,objc,obj-c++ --prefix=/usr --with-gcc-major-version-only --program-suffix=-7 --program-prefix=x86_64-linux-gnu- --enable-shared --enable-linker-build-id --libexecdir=/usr/lib --without-included-gettext --enable-threads=posix --libdir=/usr/lib --enable-nls --with-sysroot=/ --enable-clocale=gnu --enable-libstdcxx-debug --enable-libstdcxx-time=yes --with-default-libstdcxx-abi=new --enable-gnu-unique-object --disable-vtable-verify --enable-libmpx --enable-plugin --enable-default-pie --with-system-zlib --with-target-system-zlib --enable-objc-gc=auto --enable-multiarch --disable-werror --with-arch-32=i686 --with-abi=m64 --with-multilib-list=m32,m64,mx32 --enable-multilib --with-tune=generic --enable-offload-targets=nvptx-none --without-cuda-driver --enable-checking=release --build=x86_64-linux-gnu --host=x86_64-linux-gnu --target=x86_64-linux-gnu
Thread model: posix
gcc version 7.3.0 (Ubuntu 7.3.0-27ubuntu1~18.04) 
COMPILER_PATH=/usr/lib/gcc/x86_64-linux-gnu/7/:/usr/lib/gcc/x86_64-linux-gnu/7/:/usr/lib/gcc/x86_64-linux-gnu/:/usr/lib/gcc/x86_64-linux-gnu/7/:/usr/lib/gcc/x86_64-linux-gnu/
LIBRARY_PATH=/usr/lib/gcc/x86_64-linux-gnu/7/:/usr/lib/gcc/x86_64-linux-gnu/7/../../../x86_64-linux-gnu/:/usr/lib/gcc/x86_64-linux-gnu/7/../../../../lib/:/lib/x86_64-linux-gnu/:/lib/../lib/:/usr/lib/x86_64-linux-gnu/:/usr/lib/../lib/:/usr/lib/gcc/x86_64-linux-gnu/7/../../../:/lib/:/usr/lib/
COLLECT_GCC_OPTIONS='-v' '-o' 'cmTC_b03e3' '-shared-libgcc' '-mtune=generic' '-march=x86-64'
 /usr/lib/gcc/x86_64-linux-gnu/7/collect2 -plugin /usr/lib/gcc/x86_64-linux-gnu/7/liblto_plugin.so -plugin-opt=/usr/lib/gcc/x86_64-linux-gnu/7/lto-wrapper -plugin-opt=-fresolution=/tmp/ccocHXcK.res -plugin-opt=-pass-through=-lgcc_s -plugin-opt=-pass-through=-lgcc -plugin-opt=-pass-through=-lc -plugin-opt=-pass-through=-lgcc_s -plugin-opt=-pass-through=-lgcc --sysroot=/ --build-id --eh-frame-hdr -m elf_x86_64 --hash-style=gnu --as-needed -dynamic-linker /lib64/ld-linux-x86-64.so.2 -pie -z now -z relro -o cmTC_b03e3 /usr/lib/gcc/x86_64-linux-gnu/7/../../../x86_64-linux-gnu/Scrt1.o /usr/lib/gcc/x86_64-linux-gnu/7/../../../x86_64-linux-gnu/crti.o /usr/lib/gcc/x86_64-linux-gnu/7/crtbeginS.o -L/usr/lib/gcc/x86_64-linux-gnu/7 -L/usr/lib/gcc/x86_64-linux-gnu/7/../../../x86_64-linux-gnu -L/usr/lib/gcc/x86_64-linux-gnu/7/../../../../lib -L/lib/x86_64-linux-gnu -L/lib/../lib -L/usr/lib/x86_64-linux-gnu -L/usr/lib/../lib -L/usr/lib/gcc/x86_64-linux-gnu/7/../../.. CMakeFiles/cmTC_b03e3.dir/CMakeCXXCompilerABI.cpp.o -lstdc++ -lm -lgcc_s -lgcc -lc -lgcc_s -lgcc /usr/lib/gcc/x86_64-linux-gnu/7/crtendS.o /usr/lib/gcc/x86_64-linux-gnu/7/../../../x86_64-linux-gnu/crtn.o
COLLECT_GCC_OPTIONS='-v' '-o' 'cmTC_b03e3' '-shared-libgcc' '-mtune=generic' '-march=x86-64'
make[1]: Verzeichnis „/home/jens/Development/MinHashContainment/build/CMakeFiles/CMakeTmp“ wird verlassen


Parsed CXX implicit link information from above output:
  link line regex: [^( *|.*[/\])(ld|CMAKE_LINK_STARTFILE-NOTFOUND|([^/\]+-)?ld|collect2)[^/\]*( |$)]
  ignore line: [Change Dir: /home/jens/Development/MinHashContainment/build/CMakeFiles/CMakeTmp]
  ignore line: []
  ignore line: [Run Build Command:"/usr/bin/make" "cmTC_b03e3/fast"]
  ignore line: [/usr/bin/make -f CMakeFiles/cmTC_b03e3.dir/build.make CMakeFiles/cmTC_b03e3.dir/build]
  ignore line: [make[1]: Verzeichnis „/home/jens/Development/MinHashContainment/build/CMakeFiles/CMakeTmp“ wird betreten]
  ignore line: [Building CXX object CMakeFiles/cmTC_b03e3.dir/CMakeCXXCompilerABI.cpp.o]
  ignore line: [/usr/bin/c++     -o CMakeFiles/cmTC_b03e3.dir/CMakeCXXCompilerABI.cpp.o -c /usr/share/cmake-3.10/Modules/CMakeCXXCompilerABI.cpp]
  ignore line: [Linking CXX executable cmTC_b03e3]
  ignore line: [/usr/bin/cmake -E cmake_link_script CMakeFiles/cmTC_b03e3.dir/link.txt --verbose=1]
  ignore line: [/usr/bin/c++      -v CMakeFiles/cmTC_b03e3.dir/CMakeCXXCompilerABI.cpp.o  -o cmTC_b03e3 ]
  ignore line: [Using built-in specs.]
  ignore line: [COLLECT_GCC=/usr/bin/c++]
  ignore line: [COLLECT_LTO_WRAPPER=/usr/lib/gcc/x86_64-linux-gnu/7/lto-wrapper]
  ignore line: [OFFLOAD_TARGET_NAMES=nvptx-none]
  ignore line: [OFFLOAD_TARGET_DEFAULT=1]
  ignore line: [Target: x86_64-linux-gnu]
  ignore line: [Configured with: ../src/configure -v --with-pkgversion='Ubuntu 7.3.0-27ubuntu1~18.04' --with-bugurl=file:///usr/share/doc/gcc-7/README.Bugs --enable-languages=c,ada,c++,go,brig,d,fortran,objc,obj-c++ --prefix=/usr --with-gcc-major-version-only --program-suffix=-7 --program-prefix=x86_64-linux-gnu- --enable-shared --enable-linker-build-id --libexecdir=/usr/lib --without-included-gettext --enable-threads=posix --libdir=/usr/lib --enable-nls --with-sysroot=/ --enable-clocale=gnu --enable-libstdcxx-debug --enable-libstdcxx-time=yes --with-default-libstdcxx-abi=new --enable-gnu-unique-object --disable-vtable-verify --enable-libmpx --enable-plugin --enable-default-pie --with-system-zlib --with-target-system-zlib --enable-objc-gc=auto --enable-multiarch --disable-werror --with-arch-32=i686 --with-abi=m64 --with-multilib-list=m32,m64,mx32 --enable-multilib --with-tune=generic --enable-offload-targets=nvptx-none --without-cuda-driver --enable-checking=release --build=x86_64-linux-gnu --host=x86_64-linux-gnu --target=x86_64-linux-gnu]
  ignore line: [Thread model: posix]
  ignore line: [gcc version 7.3.0 (Ubuntu 7.3.0-27ubuntu1~18.04) ]
  ignore line: [COMPILER_PATH=/usr/lib/gcc/x86_64-linux-gnu/7/:/usr/lib/gcc/x86_64-linux-gnu/7/:/usr/lib/gcc/x86_64-linux-gnu/:/usr/lib/gcc/x86_64-linux-gnu/7/:/usr/lib/gcc/x86_64-linux-gnu/]
  ignore line: [LIBRARY_PATH=/usr/lib/gcc/x86_64-linux-gnu/7/:/usr/lib/gcc/x86_64-linux-gnu/7/../../../x86_64-linux-gnu/:/usr/lib/gcc/x86_64-linux-gnu/7/../../../../lib/:/lib/x86_64-linux-gnu/:/lib/../lib/:/usr/lib/x86_64-linux-gnu/:/usr/lib/../lib/:/usr/lib/gcc/x86_64-linux-gnu/7/../../../:/lib/:/usr/lib/]
  ignore line: [COLLECT_GCC_OPTIONS='-v' '-o' 'cmTC_b03e3' '-shared-libgcc' '-mtune=generic' '-march=x86-64']
  link line: [ /usr/lib/gcc/x86_64-linux-gnu/7/collect2 -plugin /usr/lib/gcc/x86_64-linux-gnu/7/liblto_plugin.so -plugin-opt=/usr/lib/gcc/x86_64-linux-gnu/7/lto-wrapper -plugin-opt=-fresolution=/tmp/ccocHXcK.res -plugin-opt=-pass-through=-lgcc_s -plugin-opt=-pass-through=-lgcc -plugin-opt=-pass-through=-lc -plugin-opt=-pass-through=-lgcc_s -plugin-opt=-pass-through=-lgcc --sysroot=/ --build-id --eh-frame-hdr -m elf_x86_64 --hash-style=gnu --as-needed -dynamic-linker /lib64/ld-linux-x86-64.so.2 -pie -z now -z relro -o cmTC_b03e3 /usr/lib/gcc/x86_64-linux-gnu/7/../../../x86_64-linux-gnu/Scrt1.o /usr/lib/gcc/x86_64-linux-gnu/7/../../../x86_64-linux-gnu/crti.o /usr/lib/gcc/x86_64-linux-gnu/7/crtbeginS.o -L/usr/lib/gcc/x86_64-linux-gnu/7 -L/usr/lib/gcc/x86_64-linux-gnu/7/../../../x86_64-linux-gnu -L/usr/lib/gcc/x86_64-linux-gnu/7/../../../../lib -L/lib/x86_64-linux-gnu -L/lib/../lib -L/usr/lib/x86_64-linux-gnu -L/usr/lib/../lib -L/usr/lib/gcc/x86_64-linux-gnu/7/../../.. CMakeFiles/cmTC_b03e3.dir/CMakeCXXCompilerABI.cpp.o -lstdc++ -lm -lgcc_s -lgcc -lc -lgcc_s -lgcc /usr/lib/gcc/x86_64-linux-gnu/7/crtendS.o /usr/lib/gcc/x86_64-linux-gnu/7/../../../x86_64-linux-gnu/crtn.o]
    arg [/usr/lib/gcc/x86_64-linux-gnu/7/collect2] ==> ignore
    arg [-plugin] ==> ignore
    arg [/usr/lib/gcc/x86_64-linux-gnu/7/liblto_plugin.so] ==> ignore
    arg [-plugin-opt=/usr/lib/gcc/x86_64-linux-gnu/7/lto-wrapper] ==> ignore
    arg [-plugin-opt=-fresolution=/tmp/ccocHXcK.res] ==> ignore
    arg [-plugin-opt=-pass-through=-lgcc_s] ==> ignore
    arg [-plugin-opt=-pass-through=-lgcc] ==> ignore
    arg [-plugin-opt=-pass-through=-lc] ==> ignore
    arg [-plugin-opt=-pass-through=-lgcc_s] ==> ignore
    arg [-plugin-opt=-pass-through=-lgcc] ==> ignore
    arg [--sysroot=/] ==> ignore
    arg [--build-id] ==> ignore
    arg [--eh-frame-hdr] ==> ignore
    arg [-m] ==> ignore
    arg [elf_x86_64] ==> ignore
    arg [--hash-style=gnu] ==> ignore
    arg [--as-needed] ==> ignore
    arg [-dynamic-linker] ==> ignore
    arg [/lib64/ld-linux-x86-64.so.2] ==> ignore
    arg [-pie] ==> ignore
    arg [-znow] ==> ignore
    arg [-zrelro] ==> ignore
    arg [-o] ==> ignore
    arg [cmTC_b03e3] ==> ignore
    arg [/usr/lib/gcc/x86_64-linux-gnu/7/../../../x86_64-linux-gnu/Scrt1.o] ==> ignore
    arg [/usr/lib/gcc/x86_64-linux-gnu/7/../../../x86_64-linux-gnu/crti.o] ==> ignore
    arg [/usr/lib/gcc/x86_64-linux-gnu/7/crtbeginS.o] ==> ignore
    arg [-L/usr/lib/gcc/x86_64-linux-gnu/7] ==> dir [/usr/lib/gcc/x86_64-linux-gnu/7]
    arg [-L/usr/lib/gcc/x86_64-linux-gnu/7/../../../x86_64-linux-gnu] ==> dir [/usr/lib/gcc/x86_64-linux-gnu/7/../../../x86_64-linux-gnu]
    arg [-L/usr/lib/gcc/x86_64-linux-gnu/7/../../../../lib] ==> dir [/usr/lib/gcc/x86_64-linux-gnu/7/../../../../lib]
    arg [-L/lib/x86_64-linux-gnu] ==> dir [/lib/x86_64-linux-gnu]
    arg [-L/lib/../lib] ==> dir [/lib/../lib]
    arg [-L/usr/lib/x86_64-linux-gnu] ==> dir [/usr/lib/x86_64-linux-gnu]
    arg [-L/usr/lib/../lib] ==> dir [/usr/lib/../lib]
    arg [-L/usr/lib/gcc/x86_64-linux-gnu/7/../../..] ==> dir [/usr/lib/gcc/x86_64-linux-gnu/7/../../..]
    arg [CMakeFiles/cmTC_b03e3.dir/CMakeCXXCompilerABI.cpp.o] ==> ignore
    arg [-lstdc++] ==> lib [stdc++]
    arg [-lm] ==> lib [m]
    arg [-lgcc_s] ==> lib [gcc_s]
    arg [-lgcc] ==> lib [gcc]
    arg [-lc] ==> lib [c]
    arg [-lgcc_s] ==> lib [gcc_s]
    arg [-lgcc] ==> lib [gcc]
    arg [/usr/lib/gcc/x86_64-linux-gnu/7/crtendS.o] ==> ignore
    arg [/usr/lib/gcc/x86_64-linux-gnu/7/../../../x86_64-linux-gnu/crtn.o] ==> ignore
  collapse library dir [/usr/lib/gcc/x86_64-linux-gnu/7] ==> [/usr/lib/gcc/x86_64-linux-gnu/7]
  collapse library dir [/usr/lib/gcc/x86_64-linux-gnu/7/../../../x86_64-linux-gnu] ==> [/usr/lib/x86_64-linux-gnu]
  collapse library dir [/usr/lib/gcc/x86_64-linux-gnu/7/../../../../lib] ==> [/usr/lib]
  collapse library dir [/lib/x86_64-linux-gnu] ==> [/lib/x86_64-linux-gnu]
  collapse library dir [/lib/../lib] ==> [/lib]
  collapse library dir [/usr/lib/x86_64-linux-gnu] ==> [/usr/lib/x86_64-linux-gnu]
  collapse library dir [/usr/lib/../lib] ==> [/usr/lib]
  collapse library dir [/usr/lib/gcc/x86_64-linux-gnu/7/../../..] ==> [/usr/lib]
  implicit libs: [stdc++;m;gcc_s;gcc;c;gcc_s;gcc]
  implicit dirs: [/usr/lib/gcc/x86_64-linux-gnu/7;/usr/lib/x86_64-linux-gnu;/usr/lib;/lib/x86_64-linux-gnu;/lib]
  implicit fwks: []




Detecting CXX [-std=c++1z] compiler features compiled with the following output:
Change Dir: /home/jens/Development/MinHashContainment/build/CMakeFiles/CMakeTmp

Run Build Command:"/usr/bin/make" "cmTC_d6783/fast"
/usr/bin/make -f CMakeFiles/cmTC_d6783.dir/build.make CMakeFiles/cmTC_d6783.dir/build
make[1]: Verzeichnis „/home/jens/Development/MinHashContainment/build/CMakeFiles/CMakeTmp“ wird betreten
Building CXX object CMakeFiles/cmTC_d6783.dir/feature_tests.cxx.o
/usr/bin/c++    -std=c++1z -o CMakeFiles/cmTC_d6783.dir/feature_tests.cxx.o -c /home/jens/Development/MinHashContainment/build/CMakeFiles/feature_tests.cxx
Linking CXX executable cmTC_d6783
/usr/bin/cmake -E cmake_link_script CMakeFiles/cmTC_d6783.dir/link.txt --verbose=1
/usr/bin/c++       CMakeFiles/cmTC_d6783.dir/feature_tests.cxx.o  -o cmTC_d6783 
make[1]: Verzeichnis „/home/jens/Development/MinHashContainment/build/CMakeFiles/CMakeTmp“ wird verlassen


    Feature record: CXX_FEATURE:1cxx_aggregate_default_initializers
    Feature record: CXX_FEATURE:1cxx_alias_templates
    Feature record: CXX_FEATURE:1cxx_alignas
    Feature record: CXX_FEATURE:1cxx_alignof
    Feature record: CXX_FEATURE:1cxx_attributes
    Feature record: CXX_FEATURE:1cxx_attribute_deprecated
    Feature record: CXX_FEATURE:1cxx_auto_type
    Feature record: CXX_FEATURE:1cxx_binary_literals
    Feature record: CXX_FEATURE:1cxx_constexpr
    Feature record: CXX_FEATURE:1cxx_contextual_conversions
    Feature record: CXX_FEATURE:1cxx_decltype
    Feature record: CXX_FEATURE:1cxx_decltype_auto
    Feature record: CXX_FEATURE:1cxx_decltype_incomplete_return_types
    Feature record: CXX_FEATURE:1cxx_default_function_template_args
    Feature record: CXX_FEATURE:1cxx_defaulted_functions
    Feature record: CXX_FEATURE:1cxx_defaulted_move_initializers
    Feature record: CXX_FEATURE:1cxx_delegating_constructors
    Feature record: CXX_FEATURE:1cxx_deleted_functions
    Feature record: CXX_FEATURE:1cxx_digit_separators
    Feature record: CXX_FEATURE:1cxx_enum_forward_declarations
    Feature record: CXX_FEATURE:1cxx_explicit_conversions
    Feature record: CXX_FEATURE:1cxx_extended_friend_declarations
    Feature record: CXX_FEATURE:1cxx_extern_templates
    Feature record: CXX_FEATURE:1cxx_final
    Feature record: CXX_FEATURE:1cxx_func_identifier
    Feature record: CXX_FEATURE:1cxx_generalized_initializers
    Feature record: CXX_FEATURE:1cxx_generic_lambdas
    Feature record: CXX_FEATURE:1cxx_inheriting_constructors
    Feature record: CXX_FEATURE:1cxx_inline_namespaces
    Feature record: CXX_FEATURE:1cxx_lambdas
    Feature record: CXX_FEATURE:1cxx_lambda_init_captures
    Feature record: CXX_FEATURE:1cxx_local_type_template_args
    Feature record: CXX_FEATURE:1cxx_long_long_type
    Feature record: CXX_FEATURE:1cxx_noexcept
    Feature record: CXX_FEATURE:1cxx_nonstatic_member_init
    Feature record: CXX_FEATURE:1cxx_nullptr
    Feature record: CXX_FEATURE:1cxx_override
    Feature record: CXX_FEATURE:1cxx_range_for
    Feature record: CXX_FEATURE:1cxx_raw_string_literals
    Feature record: CXX_FEATURE:1cxx_reference_qualified_functions
    Feature record: CXX_FEATURE:1cxx_relaxed_constexpr
    Feature record: CXX_FEATURE:1cxx_return_type_deduction
    Feature record: CXX_FEATURE:1cxx_right_angle_brackets
    Feature record: CXX_FEATURE:1cxx_rvalue_references
    Feature record: CXX_FEATURE:1cxx_sizeof_member
    Feature record: CXX_FEATURE:1cxx_static_assert
    Feature record: CXX_FEATURE:1cxx_strong_enums
    Feature record: CXX_FEATURE:1cxx_template_template_parameters
    Feature record: CXX_FEATURE:1cxx_thread_local
    Feature record: CXX_FEATURE:1cxx_trailing_return_types
    Feature record: CXX_FEATURE:1cxx_unicode_literals
    Feature record: CXX_FEATURE:1cxx_uniform_initialization
    Feature record: CXX_FEATURE:1cxx_unrestricted_unions
    Feature record: CXX_FEATURE:1cxx_user_literals
    Feature record: CXX_FEATURE:1cxx_variable_templates
    Feature record: CXX_FEATURE:1cxx_variadic_macros
    Feature record: CXX_FEATURE:1cxx_variadic_templates


Detecting CXX [-std=c++14] compiler features compiled with the following output:
Change Dir: /home/jens/Development/MinHashContainment/build/CMakeFiles/CMakeTmp

Run Build Command:"/usr/bin/make" "cmTC_2c945/fast"
/usr/bin/make -f CMakeFiles/cmTC_2c945.dir/build.make CMakeFiles/cmTC_2c945.dir/build
make[1]: Verzeichnis „/home/jens/Development/MinHashContainment/build/CMakeFiles/CMakeTmp“ wird betreten
Building CXX object CMakeFiles/cmTC_2c945.dir/feature_tests.cxx.o
/usr/bin/c++    -std=c++14 -o CMakeFiles/cmTC_2c945.dir/feature_tests.cxx.o -c /home/jens/Development/MinHashContainment/build/CMakeFiles/feature_tests.cxx
Linking CXX executable cmTC_2c945
/usr/bin/cmake -E cmake_link_script CMakeFiles/cmTC_2c945.dir/link.txt --verbose=1
/usr/bin/c++       CMakeFiles/cmTC_2c945.dir/feature_tests.cxx.o  -o cmTC_2c945 
make[1]: Verzeichnis „/home/jens/Development/MinHashContainment/build/CMakeFiles/CMakeTmp“ wird verlassen


    Feature record: CXX_FEATURE:1cxx_aggregate_default_initializers
    Feature record: CXX_FEATURE:1cxx_alias_templates
    Feature record: CXX_FEATURE:1cxx_alignas
    Feature record: CXX_FEATURE:1cxx_alignof
    Feature record: CXX_FEATURE:1cxx_attributes
    Feature record: CXX_FEATURE:1cxx_attribute_deprecated
    Feature record: CXX_FEATURE:1cxx_auto_type
    Feature record: CXX_FEATURE:1cxx_binary_literals
    Feature record: CXX_FEATURE:1cxx_constexpr
    Feature record: CXX_FEATURE:1cxx_contextual_conversions
    Feature record: CXX_FEATURE:1cxx_decltype
    Feature record: CXX_FEATURE:1cxx_decltype_auto
    Feature record: CXX_FEATURE:1cxx_decltype_incomplete_return_types
    Feature record: CXX_FEATURE:1cxx_default_function_template_args
    Feature record: CXX_FEATURE:1cxx_defaulted_functions
    Feature record: CXX_FEATURE:1cxx_defaulted_move_initializers
    Feature record: CXX_FEATURE:1cxx_delegating_constructors
    Feature record: CXX_FEATURE:1cxx_deleted_functions
    Feature record: CXX_FEATURE:1cxx_digit_separators
    Feature record: CXX_FEATURE:1cxx_enum_forward_declarations
    Feature record: CXX_FEATURE:1cxx_explicit_conversions
    Feature record: CXX_FEATURE:1cxx_extended_friend_declarations
    Feature record: CXX_FEATURE:1cxx_extern_templates
    Feature record: CXX_FEATURE:1cxx_final
    Feature record: CXX_FEATURE:1cxx_func_identifier
    Feature record: CXX_FEATURE:1cxx_generalized_initializers
    Feature record: CXX_FEATURE:1cxx_generic_lambdas
    Feature record: CXX_FEATURE:1cxx_inheriting_constructors
    Feature record: CXX_FEATURE:1cxx_inline_namespaces
    Feature record: CXX_FEATURE:1cxx_lambdas
    Feature record: CXX_FEATURE:1cxx_lambda_init_captures
    Feature record: CXX_FEATURE:1cxx_local_type_template_args
    Feature record: CXX_FEATURE:1cxx_long_long_type
    Feature record: CXX_FEATURE:1cxx_noexcept
    Feature record: CXX_FEATURE:1cxx_nonstatic_member_init
    Feature record: CXX_FEATURE:1cxx_nullptr
    Feature record: CXX_FEATURE:1cxx_override
    Feature record: CXX_FEATURE:1cxx_range_for
    Feature record: CXX_FEATURE:1cxx_raw_string_literals
    Feature record: CXX_FEATURE:1cxx_reference_qualified_functions
    Feature record: CXX_FEATURE:1cxx_relaxed_constexpr
    Feature record: CXX_FEATURE:1cxx_return_type_deduction
    Feature record: CXX_FEATURE:1cxx_right_angle_brackets
    Feature record: CXX_FEATURE:1cxx_rvalue_references
    Feature record: CXX_FEATURE:1cxx_sizeof_member
    Feature record: CXX_FEATURE:1cxx_static_assert
    Feature record: CXX_FEATURE:1cxx_strong_enums
    Feature record: CXX_FEATURE:1cxx_template_template_parameters
    Feature record: CXX_FEATURE:1cxx_thread_local
    Feature record: CXX_FEATURE:1cxx_trailing_return_types
    Feature record: CXX_FEATURE:1cxx_unicode_literals
    Feature record: CXX_FEATURE:1cxx_uniform_initialization
    Feature record: CXX_FEATURE:1cxx_unrestricted_unions
    Feature record: CXX_FEATURE:1cxx_user_literals
    Feature record: CXX_FEATURE:1cxx_variable_templates
    Feature record: CXX_FEATURE:1cxx_variadic_macros
    Feature record: CXX_FEATURE:1cxx_variadic_templates


Detecting CXX [-std=c++11] compiler features compiled with the following output:
Change Dir: /home/jens/Development/MinHashContainment/build/CMakeFiles/CMakeTmp

Run Build Command:"/usr/bin/make" "cmTC_2ffd0/fast"
/usr/bin/make -f CMakeFiles/cmTC_2ffd0.dir/build.make CMakeFiles/cmTC_2ffd0.dir/build
make[1]: Verzeichnis „/home/jens/Development/MinHashContainment/build/CMakeFiles/CMakeTmp“ wird betreten
Building CXX object CMakeFiles/cmTC_2ffd0.dir/feature_tests.cxx.o
/usr/bin/c++    -std=c++11 -o CMakeFiles/cmTC_2ffd0.dir/feature_tests.cxx.o -c /home/jens/Development/MinHashContainment/build/CMakeFiles/feature_tests.cxx
Linking CXX executable cmTC_2ffd0
/usr/bin/cmake -E cmake_link_script CMakeFiles/cmTC_2ffd0.dir/link.txt --verbose=1
/usr/bin/c++       CMakeFiles/cmTC_2ffd0.dir/feature_tests.cxx.o  -o cmTC_2ffd0 
make[1]: Verzeichnis „/home/jens/Development/MinHashContainment/build/CMakeFiles/CMakeTmp“ wird verlassen


    Feature record: CXX_FEATURE:0cxx_aggregate_default_initializers
    Feature record: CXX_FEATURE:1cxx_alias_templates
    Feature record: CXX_FEATURE:1cxx_alignas
    Feature record: CXX_FEATURE:1cxx_alignof
    Feature record: CXX_FEATURE:1cxx_attributes
    Feature record: CXX_FEATURE:0cxx_attribute_deprecated
    Feature record: CXX_FEATURE:1cxx_auto_type
    Feature record: CXX_FEATURE:0cxx_binary_literals
    Feature record: CXX_FEATURE:1cxx_constexpr
    Feature record: CXX_FEATURE:0cxx_contextual_conversions
    Feature record: CXX_FEATURE:1cxx_decltype
    Feature record: CXX_FEATURE:0cxx_decltype_auto
    Feature record: CXX_FEATURE:1cxx_decltype_incomplete_return_types
    Feature record: CXX_FEATURE:1cxx_default_function_template_args
    Feature record: CXX_FEATURE:1cxx_defaulted_functions
    Feature record: CXX_FEATURE:1cxx_defaulted_move_initializers
    Feature record: CXX_FEATURE:1cxx_delegating_constructors
    Feature record: CXX_FEATURE:1cxx_deleted_functions
    Feature record: CXX_FEATURE:0cxx_digit_separators
    Feature record: CXX_FEATURE:1cxx_enum_forward_declarations
    Feature record: CXX_FEATURE:1cxx_explicit_conversions
    Feature record: CXX_FEATURE:1cxx_extended_friend_declarations
    Feature record: CXX_FEATURE:1cxx_extern_templates
    Feature record: CXX_FEATURE:1cxx_final
    Feature record: CXX_FEATURE:1cxx_func_identifier
    Feature record: CXX_FEATURE:1cxx_generalized_initializers
    Feature record: CXX_FEATURE:0cxx_generic_lambdas
    Feature record: CXX_FEATURE:1cxx_inheriting_constructors
    Feature record: CXX_FEATURE:1cxx_inline_namespaces
    Feature record: CXX_FEATURE:1cxx_lambdas
    Feature record: CXX_FEATURE:0cxx_lambda_init_captures
    Feature record: CXX_FEATURE:1cxx_local_type_template_args
    Feature record: CXX_FEATURE:1cxx_long_long_type
    Feature record: CXX_FEATURE:1cxx_noexcept
    Feature record: CXX_FEATURE:1cxx_nonstatic_member_init
    Feature record: CXX_FEATURE:1cxx_nullptr
    Feature record: CXX_FEATURE:1cxx_override
    Feature record: CXX_FEATURE:1cxx_range_for
    Feature record: CXX_FEATURE:1cxx_raw_string_literals
    Feature record: CXX_FEATURE:1cxx_reference_qualified_functions
    Feature record: CXX_FEATURE:0cxx_relaxed_constexpr
    Feature record: CXX_FEATURE:0cxx_return_type_deduction
    Feature record: CXX_FEATURE:1cxx_right_angle_brackets
    Feature record: CXX_FEATURE:1cxx_rvalue_references
    Feature record: CXX_FEATURE:1cxx_sizeof_member
    Feature record: CXX_FEATURE:1cxx_static_assert
    Feature record: CXX_FEATURE:1cxx_strong_enums
    Feature record: CXX_FEATURE:1cxx_template_template_parameters
    Feature record: CXX_FEATURE:1cxx_thread_local
    Feature record: CXX_FEATURE:1cxx_trailing_return_types
    Feature record: CXX_FEATURE:1cxx_unicode_literals
    Feature record: CXX_FEATURE:1cxx_uniform_initialization
    Feature record: CXX_FEATURE:1cxx_unrestricted_unions
    Feature record: CXX_FEATURE:1cxx_user_literals
    Feature record: CXX_FEATURE:0cxx_variable_templates
    Feature record: CXX_FEATURE:1cxx_variadic_macros
    Feature record: CXX_FEATURE:1cxx_variadic_templates


Detecting CXX [-std=c++98] compiler features compiled with the following output:
Change Dir: /home/jens/Development/MinHashContainment/build/CMakeFiles/CMakeTmp

Run Build Command:"/usr/bin/make" "cmTC_95a9c/fast"
/usr/bin/make -f CMakeFiles/cmTC_95a9c.dir/build.make CMakeFiles/cmTC_95a9c.dir/build
make[1]: Verzeichnis „/home/jens/Development/MinHashContainment/build/CMakeFiles/CMakeTmp“ wird betreten
Building CXX object CMakeFiles/cmTC_95a9c.dir/feature_tests.cxx.o
/usr/bin/c++    -std=c++98 -o CMakeFiles/cmTC_95a9c.dir/feature_tests.cxx.o -c /home/jens/Development/MinHashContainment/build/CMakeFiles/feature_tests.cxx
Linking CXX executable cmTC_95a9c
/usr/bin/cmake -E cmake_link_script CMakeFiles/cmTC_95a9c.dir/link.txt --verbose=1
/usr/bin/c++       CMakeFiles/cmTC_95a9c.dir/feature_tests.cxx.o  -o cmTC_95a9c 
make[1]: Verzeichnis „/home/jens/Development/MinHashContainment/build/CMakeFiles/CMakeTmp“ wird verlassen


    Feature record: CXX_FEATURE:0cxx_aggregate_default_initializers
    Feature record: CXX_FEATURE:0cxx_alias_templates
    Feature record: CXX_FEATURE:0cxx_alignas
    Feature record: CXX_FEATURE:0cxx_alignof
    Feature record: CXX_FEATURE:0cxx_attributes
    Feature record: CXX_FEATURE:0cxx_attribute_deprecated
    Feature record: CXX_FEATURE:0cxx_auto_type
    Feature record: CXX_FEATURE:0cxx_binary_literals
    Feature record: CXX_FEATURE:0cxx_constexpr
    Feature record: CXX_FEATURE:0cxx_contextual_conversions
    Feature record: CXX_FEATURE:0cxx_decltype
    Feature record: CXX_FEATURE:0cxx_decltype_auto
    Feature record: CXX_FEATURE:0cxx_decltype_incomplete_return_types
    Feature record: CXX_FEATURE:0cxx_default_function_template_args
    Feature record: CXX_FEATURE:0cxx_defaulted_functions
    Feature record: CXX_FEATURE:0cxx_defaulted_move_initializers
    Feature record: CXX_FEATURE:0cxx_delegating_constructors
    Feature record: CXX_FEATURE:0cxx_deleted_functions
    Feature record: CXX_FEATURE:0cxx_digit_separators
    Feature record: CXX_FEATURE:0cxx_enum_forward_declarations
    Feature record: CXX_FEATURE:0cxx_explicit_conversions
    Feature record: CXX_FEATURE:0cxx_extended_friend_declarations
    Feature record: CXX_FEATURE:0cxx_extern_templates
    Feature record: CXX_FEATURE:0cxx_final
    Feature record: CXX_FEATURE:0cxx_func_identifier
    Feature record: CXX_FEATURE:0cxx_generalized_initializers
    Feature record: CXX_FEATURE:0cxx_generic_lambdas
    Feature record: CXX_FEATURE:0cxx_inheriting_constructors
    Feature record: CXX_FEATURE:0cxx_inline_namespaces
    Feature record: CXX_FEATURE:0cxx_lambdas
    Feature record: CXX_FEATURE:0cxx_lambda_init_captures
    Feature record: CXX_FEATURE:0cxx_local_type_template_args
    Feature record: CXX_FEATURE:0cxx_long_long_type
    Feature record: CXX_FEATURE:0cxx_noexcept
    Feature record: CXX_FEATURE:0cxx_nonstatic_member_init
    Feature record: CXX_FEATURE:0cxx_nullptr
    Feature record: CXX_FEATURE:0cxx_override
    Feature record: CXX_FEATURE:0cxx_range_for
    Feature record: CXX_FEATURE:0cxx_raw_string_literals
    Feature record: CXX_FEATURE:0cxx_reference_qualified_functions
    Feature record: CXX_FEATURE:0cxx_relaxed_constexpr
    Feature record: CXX_FEATURE:0cxx_return_type_deduction
    Feature record: CXX_FEATURE:0cxx_right_angle_brackets
    Feature record: CXX_FEATURE:0cxx_rvalue_references
    Feature record: CXX_FEATURE:0cxx_sizeof_member
    Feature record: CXX_FEATURE:0cxx_static_assert
    Feature record: CXX_FEATURE:0cxx_strong_enums
    Feature record: CXX_FEATURE:1cxx_template_template_parameters
    Feature record: CXX_FEATURE:0cxx_thread_local
    Feature record: CXX_FEATURE:0cxx_trailing_return_types
    Feature record: CXX_FEATURE:0cxx_unicode_literals
    Feature record: CXX_FEATURE:0cxx_uniform_initialization
    Feature record: CXX_FEATURE:0cxx_unrestricted_unions
    Feature record: CXX_FEATURE:0cxx_user_literals
    Feature record: CXX_FEATURE:0cxx_variable_templates
    Feature record: CXX_FEATURE:0cxx_variadic_macros
    Feature record: CXX_FEATURE:0cxx_variadic_templates
Performing C++ SOURCE FILE Test CXX17_FLAG succeeded with the following output:
Change Dir: /home/jens/Development/MinHashContainment/build/CMakeFiles/CMakeTmp

Run Build Command:"/usr/bin/make" "cmTC_f56b3/fast"
/usr/bin/make -f CMakeFiles/cmTC_f56b3.dir/build.make CMakeFiles/cmTC_f56b3.dir/build
make[1]: Verzeichnis „/home/jens/Development/MinHashContainment/build/CMakeFiles/CMakeTmp“ wird betreten
Building CXX object CMakeFiles/cmTC_f56b3.dir/src.cxx.o
/usr/bin/c++   -I/home/jens/Development/tutorial/seqan3/include -I/home/jens/Development/tutorial/seqan3/submodules/sdsl-lite/include -I/home/jens/Development/tutorial/seqan3/submodules/range-v3/include -I/home/jens/Development/tutorial/seqan3/submodules/lemon/include -I/home/jens/Development/tutorial/seqan3/submodules/cereal/include  -DCXX17_FLAG  -std=c++17   -o CMakeFiles/cmTC_f56b3.dir/src.cxx.o -c /home/jens/Development/MinHashContainment/build/CMakeFiles/CMakeTmp/src.cxx
Linking CXX executable cmTC_f56b3
/usr/bin/cmake -E cmake_link_script CMakeFiles/cmTC_f56b3.dir/link.txt --verbose=1
/usr/bin/c++   -DCXX17_FLAG  -std=c++17    -rdynamic CMakeFiles/cmTC_f56b3.dir/src.cxx.o  -o cmTC_f56b3 
make[1]: Verzeichnis „/home/jens/Development/MinHashContainment/build/CMakeFiles/CMakeTmp“ wird verlassen

Source file was:
#if !defined (__cplusplus) || (__cplusplus < 201703L)
    #error NOCXX17
    #endif
    int main() {}
Performing C++ SOURCE FILE Test CONCEPTS_FLAG-fconcepts succeeded with the following output:
Change Dir: /home/jens/Development/MinHashContainment/build/CMakeFiles/CMakeTmp

Run Build Command:"/usr/bin/make" "cmTC_6b721/fast"
/usr/bin/make -f CMakeFiles/cmTC_6b721.dir/build.make CMakeFiles/cmTC_6b721.dir/build
make[1]: Verzeichnis „/home/jens/Development/MinHashContainment/build/CMakeFiles/CMakeTmp“ wird betreten
Building CXX object CMakeFiles/cmTC_6b721.dir/src.cxx.o
/usr/bin/c++   -I/home/jens/Development/tutorial/seqan3/include -I/home/jens/Development/tutorial/seqan3/submodules/sdsl-lite/include -I/home/jens/Development/tutorial/seqan3/submodules/range-v3/include -I/home/jens/Development/tutorial/seqan3/submodules/lemon/include -I/home/jens/Development/tutorial/seqan3/submodules/cereal/include  -DCONCEPTS_FLAG-fconcepts  -std=c++17 -fconcepts   -o CMakeFiles/cmTC_6b721.dir/src.cxx.o -c /home/jens/Development/MinHashContainment/build/CMakeFiles/CMakeTmp/src.cxx
<command-line>:0:14: warning: ISO C++11 requires whitespace after the macro name
Linking CXX executable cmTC_6b721
/usr/bin/cmake -E cmake_link_script CMakeFiles/cmTC_6b721.dir/link.txt --verbose=1
/usr/bin/c++   -DCONCEPTS_FLAG-fconcepts  -std=c++17 -fconcepts    -rdynamic CMakeFiles/cmTC_6b721.dir/src.cxx.o  -o cmTC_6b721 
make[1]: Verzeichnis „/home/jens/Development/MinHashContainment/build/CMakeFiles/CMakeTmp“ wird verlassen

Source file was:
static_assert (__cpp_concepts >= 201507);
    int main() {}
Determining if the include file experimental/filesystem exists passed with the following output:
Change Dir: /home/jens/Development/MinHashContainment/build/CMakeFiles/CMakeTmp

Run Build Command:"/usr/bin/make" "cmTC_baece/fast"
/usr/bin/make -f CMakeFiles/cmTC_baece.dir/build.make CMakeFiles/cmTC_baece.dir/build
make[1]: Verzeichnis „/home/jens/Development/MinHashContainment/build/CMakeFiles/CMakeTmp“ wird betreten
Building CXX object CMakeFiles/cmTC_baece.dir/CheckIncludeFile.cxx.o
/usr/bin/c++   -I/home/jens/Development/tutorial/seqan3/include -I/home/jens/Development/tutorial/seqan3/submodules/sdsl-lite/include -I/home/jens/Development/tutorial/seqan3/submodules/range-v3/include -I/home/jens/Development/tutorial/seqan3/submodules/lemon/include -I/home/jens/Development/tutorial/seqan3/submodules/cereal/include  -std=c++17 -fconcepts   -o CMakeFiles/cmTC_baece.dir/CheckIncludeFile.cxx.o -c /home/jens/Development/MinHashContainment/build/CMakeFiles/CMakeTmp/CheckIncludeFile.cxx
Linking CXX executable cmTC_baece
/usr/bin/cmake -E cmake_link_script CMakeFiles/cmTC_baece.dir/link.txt --verbose=1
/usr/bin/c++    -std=c++17 -fconcepts    -rdynamic CMakeFiles/cmTC_baece.dir/CheckIncludeFile.cxx.o  -o cmTC_baece 
make[1]: Verzeichnis „/home/jens/Development/MinHashContainment/build/CMakeFiles/CMakeTmp“ wird verlassen


Performing C++ SOURCE FILE Test C++17FS_LIB-lstdc++fs succeeded with the following output:
Change Dir: /home/jens/Development/MinHashContainment/build/CMakeFiles/CMakeTmp

Run Build Command:"/usr/bin/make" "cmTC_8da9a/fast"
/usr/bin/make -f CMakeFiles/cmTC_8da9a.dir/build.make CMakeFiles/cmTC_8da9a.dir/build
make[1]: Verzeichnis „/home/jens/Development/MinHashContainment/build/CMakeFiles/CMakeTmp“ wird betreten
Building CXX object CMakeFiles/cmTC_8da9a.dir/src.cxx.o
/usr/bin/c++   -I/home/jens/Development/tutorial/seqan3/include -I/home/jens/Development/tutorial/seqan3/submodules/sdsl-lite/include -I/home/jens/Development/tutorial/seqan3/submodules/range-v3/include -I/home/jens/Development/tutorial/seqan3/submodules/lemon/include -I/home/jens/Development/tutorial/seqan3/submodules/cereal/include  -DC++17FS_LIB-lstdc++fs  -std=c++17 -fconcepts   -o CMakeFiles/cmTC_8da9a.dir/src.cxx.o -c /home/jens/Development/MinHashContainment/build/CMakeFiles/CMakeTmp/src.cxx
<command-line>:0:2: warning: ISO C++11 requires whitespace after the macro name
Linking CXX executable cmTC_8da9a
/usr/bin/cmake -E cmake_link_script CMakeFiles/cmTC_8da9a.dir/link.txt --verbose=1
/usr/bin/c++   -DC++17FS_LIB-lstdc++fs  -std=c++17 -fconcepts    -rdynamic CMakeFiles/cmTC_8da9a.dir/src.cxx.o  -o cmTC_8da9a -lstdc++fs 
make[1]: Verzeichnis „/home/jens/Development/MinHashContainment/build/CMakeFiles/CMakeTmp“ wird verlassen

Source file was:
#include <experimental/filesystem>
        int main()
        {
            std::experimental::filesystem::path p{"/tmp/"};
        }
Determining if the include file range/v3/version.hpp exists passed with the following output:
Change Dir: /home/jens/Development/MinHashContainment/build/CMakeFiles/CMakeTmp

Run Build Command:"/usr/bin/make" "cmTC_7620f/fast"
/usr/bin/make -f CMakeFiles/cmTC_7620f.dir/build.make CMakeFiles/cmTC_7620f.dir/build
make[1]: Verzeichnis „/home/jens/Development/MinHashContainment/build/CMakeFiles/CMakeTmp“ wird betreten
Building CXX object CMakeFiles/cmTC_7620f.dir/CheckIncludeFile.cxx.o
/usr/bin/c++   -I/home/jens/Development/tutorial/seqan3/include -I/home/jens/Development/tutorial/seqan3/submodules/sdsl-lite/include -I/home/jens/Development/tutorial/seqan3/submodules/range-v3/include -I/home/jens/Development/tutorial/seqan3/submodules/lemon/include -I/home/jens/Development/tutorial/seqan3/submodules/cereal/include  -std=c++17 -fconcepts   -o CMakeFiles/cmTC_7620f.dir/CheckIncludeFile.cxx.o -c /home/jens/Development/MinHashContainment/build/CMakeFiles/CMakeTmp/CheckIncludeFile.cxx
Linking CXX executable cmTC_7620f
/usr/bin/cmake -E cmake_link_script CMakeFiles/cmTC_7620f.dir/link.txt --verbose=1
/usr/bin/c++    -std=c++17 -fconcepts    -rdynamic CMakeFiles/cmTC_7620f.dir/CheckIncludeFile.cxx.o  -o cmTC_7620f 
make[1]: Verzeichnis „/home/jens/Development/MinHashContainment/build/CMakeFiles/CMakeTmp“ wird verlassen


Determining if the include file sdsl/version.hpp exists passed with the following output:
Change Dir: /home/jens/Development/MinHashContainment/build/CMakeFiles/CMakeTmp

Run Build Command:"/usr/bin/make" "cmTC_1ded7/fast"
/usr/bin/make -f CMakeFiles/cmTC_1ded7.dir/build.make CMakeFiles/cmTC_1ded7.dir/build
make[1]: Verzeichnis „/home/jens/Development/MinHashContainment/build/CMakeFiles/CMakeTmp“ wird betreten
Building CXX object CMakeFiles/cmTC_1ded7.dir/CheckIncludeFile.cxx.o
/usr/bin/c++   -I/home/jens/Development/tutorial/seqan3/include -I/home/jens/Development/tutorial/seqan3/submodules/sdsl-lite/include -I/home/jens/Development/tutorial/seqan3/submodules/range-v3/include -I/home/jens/Development/tutorial/seqan3/submodules/lemon/include -I/home/jens/Development/tutorial/seqan3/submodules/cereal/include  -std=c++17 -fconcepts   -o CMakeFiles/cmTC_1ded7.dir/CheckIncludeFile.cxx.o -c /home/jens/Development/MinHashContainment/build/CMakeFiles/CMakeTmp/CheckIncludeFile.cxx
Linking CXX executable cmTC_1ded7
/usr/bin/cmake -E cmake_link_script CMakeFiles/cmTC_1ded7.dir/link.txt --verbose=1
/usr/bin/c++    -std=c++17 -fconcepts    -rdynamic CMakeFiles/cmTC_1ded7.dir/CheckIncludeFile.cxx.o  -o cmTC_1ded7 
make[1]: Verzeichnis „/home/jens/Development/MinHashContainment/build/CMakeFiles/CMakeTmp“ wird verlassen


Determining if the include file cereal/cereal.hpp exists passed with the following output:
Change Dir: /home/jens/Development/MinHashContainment/build/CMakeFiles/CMakeTmp

Run Build Command:"/usr/bin/make" "cmTC_374d5/fast"
/usr/bin/make -f CMakeFiles/cmTC_374d5.dir/build.make CMakeFiles/cmTC_374d5.dir/build
make[1]: Verzeichnis „/home/jens/Development/MinHashContainment/build/CMakeFiles/CMakeTmp“ wird betreten
Building CXX object CMakeFiles/cmTC_374d5.dir/CheckIncludeFile.cxx.o
/usr/bin/c++   -I/home/jens/Development/tutorial/seqan3/include -I/home/jens/Development/tutorial/seqan3/submodules/sdsl-lite/include -I/home/jens/Development/tutorial/seqan3/submodules/range-v3/include -I/home/jens/Development/tutorial/seqan3/submodules/lemon/include -I/home/jens/Development/tutorial/seqan3/submodules/cereal/include  -std=c++17 -fconcepts   -o CMakeFiles/cmTC_374d5.dir/CheckIncludeFile.cxx.o -c /home/jens/Development/MinHashContainment/build/CMakeFiles/CMakeTmp/CheckIncludeFile.cxx
Linking CXX executable cmTC_374d5
/usr/bin/cmake -E cmake_link_script CMakeFiles/cmTC_374d5.dir/link.txt --verbose=1
/usr/bin/c++    -std=c++17 -fconcepts    -rdynamic CMakeFiles/cmTC_374d5.dir/CheckIncludeFile.cxx.o  -o cmTC_374d5 
make[1]: Verzeichnis „/home/jens/Development/MinHashContainment/build/CMakeFiles/CMakeTmp“ wird verlassen


Determining if the include file lemon/config.h exists passed with the following output:
Change Dir: /home/jens/Development/MinHashContainment/build/CMakeFiles/CMakeTmp

Run Build Command:"/usr/bin/make" "cmTC_9c353/fast"
/usr/bin/make -f CMakeFiles/cmTC_9c353.dir/build.make CMakeFiles/cmTC_9c353.dir/build
make[1]: Verzeichnis „/home/jens/Development/MinHashContainment/build/CMakeFiles/CMakeTmp“ wird betreten
Building CXX object CMakeFiles/cmTC_9c353.dir/CheckIncludeFile.cxx.o
/usr/bin/c++   -I/home/jens/Development/tutorial/seqan3/include -I/home/jens/Development/tutorial/seqan3/submodules/sdsl-lite/include -I/home/jens/Development/tutorial/seqan3/submodules/range-v3/include -I/home/jens/Development/tutorial/seqan3/submodules/lemon/include -I/home/jens/Development/tutorial/seqan3/submodules/cereal/include  -std=c++17 -fconcepts   -o CMakeFiles/cmTC_9c353.dir/CheckIncludeFile.cxx.o -c /home/jens/Development/MinHashContainment/build/CMakeFiles/CMakeTmp/CheckIncludeFile.cxx
Linking CXX executable cmTC_9c353
/usr/bin/cmake -E cmake_link_script CMakeFiles/cmTC_9c353.dir/link.txt --verbose=1
/usr/bin/c++    -std=c++17 -fconcepts    -rdynamic CMakeFiles/cmTC_9c353.dir/CheckIncludeFile.cxx.o  -o cmTC_9c353 
make[1]: Verzeichnis „/home/jens/Development/MinHashContainment/build/CMakeFiles/CMakeTmp“ wird verlassen


Determining if the BZ2_bzCompressInit exist passed with the following output:
Change Dir: /home/jens/Development/MinHashContainment/build/CMakeFiles/CMakeTmp

Run Build Command:"/usr/bin/make" "cmTC_2f4f5/fast"
/usr/bin/make -f CMakeFiles/cmTC_2f4f5.dir/build.make CMakeFiles/cmTC_2f4f5.dir/build
make[1]: Verzeichnis „/home/jens/Development/MinHashContainment/build/CMakeFiles/CMakeTmp“ wird betreten
Building CXX object CMakeFiles/cmTC_2f4f5.dir/CheckSymbolExists.cxx.o
/usr/bin/c++    -std=c++17 -fconcepts   -o CMakeFiles/cmTC_2f4f5.dir/CheckSymbolExists.cxx.o -c /home/jens/Development/MinHashContainment/build/CMakeFiles/CMakeTmp/CheckSymbolExists.cxx
Linking CXX executable cmTC_2f4f5
/usr/bin/cmake -E cmake_link_script CMakeFiles/cmTC_2f4f5.dir/link.txt --verbose=1
/usr/bin/c++    -std=c++17 -fconcepts    -rdynamic CMakeFiles/cmTC_2f4f5.dir/CheckSymbolExists.cxx.o  -o cmTC_2f4f5 /usr/lib/x86_64-linux-gnu/libbz2.so 
make[1]: Verzeichnis „/home/jens/Development/MinHashContainment/build/CMakeFiles/CMakeTmp“ wird verlassen

File /home/jens/Development/MinHashContainment/build/CMakeFiles/CMakeTmp/CheckSymbolExists.cxx:
/* */
#include <bzlib.h>

int main(int argc, char** argv)
{
  (void)argv;
#ifndef BZ2_bzCompressInit
  return ((int*)(&BZ2_bzCompressInit))[argc];
#else
  (void)argc;
  return 0;
#endif
}

Determining if the include file execinfo.h exists passed with the following output:
Change Dir: /home/jens/Development/MinHashContainment/build/CMakeFiles/CMakeTmp

Run Build Command:"/usr/bin/make" "cmTC_a9248/fast"
/usr/bin/make -f CMakeFiles/cmTC_a9248.dir/build.make CMakeFiles/cmTC_a9248.dir/build
make[1]: Verzeichnis „/home/jens/Development/MinHashContainment/build/CMakeFiles/CMakeTmp“ wird betreten
Building CXX object CMakeFiles/cmTC_a9248.dir/CheckIncludeFile.cxx.o
/usr/bin/c++   -I/home/jens/Development/tutorial/seqan3/include -I/home/jens/Development/tutorial/seqan3/submodules/sdsl-lite/include -I/home/jens/Development/tutorial/seqan3/submodules/range-v3/include -I/home/jens/Development/tutorial/seqan3/submodules/lemon/include -I/home/jens/Development/tutorial/seqan3/submodules/cereal/include  -std=c++17 -fconcepts   -o CMakeFiles/cmTC_a9248.dir/CheckIncludeFile.cxx.o -c /home/jens/Development/MinHashContainment/build/CMakeFiles/CMakeTmp/CheckIncludeFile.cxx
Linking CXX executable cmTC_a9248
/usr/bin/cmake -E cmake_link_script CMakeFiles/cmTC_a9248.dir/link.txt --verbose=1
/usr/bin/c++    -std=c++17 -fconcepts    -rdynamic CMakeFiles/cmTC_a9248.dir/CheckIncludeFile.cxx.o  -o cmTC_a9248 
make[1]: Verzeichnis „/home/jens/Development/MinHashContainment/build/CMakeFiles/CMakeTmp“ wird verlassen


